{"total": {"lines":{"total":591,"covered":397,"skipped":0,"pct":67.17},"statements":{"total":1144,"covered":411,"skipped":0,"pct":35.93},"functions":{"total":158,"covered":87,"skipped":0,"pct":55.06},"branches":{"total":657,"covered":309,"skipped":0,"pct":47.03}}
,"/Users/termontwouter/Workspace/dgt-id-broker/packages/dgt-id-proxy/coverage/lcov-report/block-navigation.js": {"lines":{"total":28,"covered":0,"skipped":0,"pct":0},"functions":{"total":6,"covered":0,"skipped":0,"pct":0},"statements":{"total":28,"covered":0,"skipped":0,"pct":0},"branches":{"total":15,"covered":0,"skipped":0,"pct":0}}
,"/Users/termontwouter/Workspace/dgt-id-broker/packages/dgt-id-proxy/coverage/lcov-report/prettify.js": {"lines":{"total":1,"covered":0,"skipped":0,"pct":0},"functions":{"total":29,"covered":0,"skipped":0,"pct":0},"statements":{"total":536,"covered":0,"skipped":0,"pct":0},"branches":{"total":286,"covered":0,"skipped":0,"pct":0}}
,"/Users/termontwouter/Workspace/dgt-id-broker/packages/dgt-id-proxy/coverage/lcov-report/sorter.js": {"lines":{"total":77,"covered":0,"skipped":0,"pct":0},"functions":{"total":17,"covered":0,"skipped":0,"pct":0},"statements":{"total":77,"covered":0,"skipped":0,"pct":0},"branches":{"total":22,"covered":0,"skipped":0,"pct":0}}
,"/Users/termontwouter/Workspace/dgt-id-broker/packages/dgt-id-proxy/lib/main.ts": {"lines":{"total":10,"covered":0,"skipped":0,"pct":0},"functions":{"total":1,"covered":0,"skipped":0,"pct":0},"statements":{"total":11,"covered":0,"skipped":0,"pct":0},"branches":{"total":4,"covered":0,"skipped":0,"pct":0}}
,"/Users/termontwouter/Workspace/dgt-id-broker/packages/dgt-id-proxy/lib/server/dpop-token-request.handler.ts": {"lines":{"total":64,"covered":63,"skipped":0,"pct":98.44},"functions":{"total":15,"covered":15,"skipped":0,"pct":100},"statements":{"total":66,"covered":65,"skipped":0,"pct":98.48},"branches":{"total":50,"covered":46,"skipped":0,"pct":92}}
,"/Users/termontwouter/Workspace/dgt-id-broker/packages/dgt-id-proxy/lib/server/jwk-request.handler.ts": {"lines":{"total":15,"covered":0,"skipped":0,"pct":0},"functions":{"total":7,"covered":0,"skipped":0,"pct":0},"statements":{"total":15,"covered":0,"skipped":0,"pct":0},"branches":{"total":4,"covered":0,"skipped":0,"pct":0}}
,"/Users/termontwouter/Workspace/dgt-id-broker/packages/dgt-id-proxy/lib/server/jwt-decode.handler.ts": {"lines":{"total":30,"covered":30,"skipped":0,"pct":100},"functions":{"total":8,"covered":8,"skipped":0,"pct":100},"statements":{"total":34,"covered":34,"skipped":0,"pct":100},"branches":{"total":24,"covered":24,"skipped":0,"pct":100}}
,"/Users/termontwouter/Workspace/dgt-id-broker/packages/dgt-id-proxy/lib/server/jwt-encode.handler.ts": {"lines":{"total":41,"covered":40,"skipped":0,"pct":97.56},"functions":{"total":13,"covered":12,"skipped":0,"pct":92.31},"statements":{"total":45,"covered":43,"skipped":0,"pct":95.56},"branches":{"total":20,"covered":20,"skipped":0,"pct":100}}
,"/Users/termontwouter/Workspace/dgt-id-broker/packages/dgt-id-proxy/lib/server/opaque-access-token.handler.ts": {"lines":{"total":36,"covered":36,"skipped":0,"pct":100},"functions":{"total":10,"covered":10,"skipped":0,"pct":100},"statements":{"total":37,"covered":37,"skipped":0,"pct":100},"branches":{"total":33,"covered":33,"skipped":0,"pct":100}}
,"/Users/termontwouter/Workspace/dgt-id-broker/packages/dgt-id-proxy/lib/server/pass-through-http-request.handler.ts": {"lines":{"total":43,"covered":23,"skipped":0,"pct":53.49},"functions":{"total":10,"covered":3,"skipped":0,"pct":30},"statements":{"total":46,"covered":24,"skipped":0,"pct":52.17},"branches":{"total":25,"covered":20,"skipped":0,"pct":80}}
,"/Users/termontwouter/Workspace/dgt-id-broker/packages/dgt-id-proxy/lib/server/pkce-auth-request.handler.ts": {"lines":{"total":33,"covered":33,"skipped":0,"pct":100},"functions":{"total":3,"covered":3,"skipped":0,"pct":100},"statements":{"total":33,"covered":33,"skipped":0,"pct":100},"branches":{"total":27,"covered":27,"skipped":0,"pct":100}}
,"/Users/termontwouter/Workspace/dgt-id-broker/packages/dgt-id-proxy/lib/server/pkce-code-request.handler.ts": {"lines":{"total":32,"covered":32,"skipped":0,"pct":100},"functions":{"total":7,"covered":7,"skipped":0,"pct":100},"statements":{"total":32,"covered":32,"skipped":0,"pct":100},"branches":{"total":21,"covered":21,"skipped":0,"pct":100}}
,"/Users/termontwouter/Workspace/dgt-id-broker/packages/dgt-id-proxy/lib/server/pkce-token-request.handler.ts": {"lines":{"total":53,"covered":53,"skipped":0,"pct":100},"functions":{"total":9,"covered":9,"skipped":0,"pct":100},"statements":{"total":53,"covered":53,"skipped":0,"pct":100},"branches":{"total":61,"covered":61,"skipped":0,"pct":100}}
,"/Users/termontwouter/Workspace/dgt-id-broker/packages/dgt-id-proxy/lib/server/solid-audience.handler.ts": {"lines":{"total":16,"covered":16,"skipped":0,"pct":100},"functions":{"total":2,"covered":2,"skipped":0,"pct":100},"statements":{"total":16,"covered":16,"skipped":0,"pct":100},"branches":{"total":19,"covered":19,"skipped":0,"pct":100}}
,"/Users/termontwouter/Workspace/dgt-id-broker/packages/dgt-id-proxy/lib/server/webid-response.handler.ts": {"lines":{"total":30,"covered":30,"skipped":0,"pct":100},"functions":{"total":3,"covered":3,"skipped":0,"pct":100},"statements":{"total":30,"covered":30,"skipped":0,"pct":100},"branches":{"total":20,"covered":20,"skipped":0,"pct":100}}
,"/Users/termontwouter/Workspace/dgt-id-broker/packages/dgt-id-proxy/lib/storage/in-memory-store.ts": {"lines":{"total":9,"covered":9,"skipped":0,"pct":100},"functions":{"total":6,"covered":6,"skipped":0,"pct":100},"statements":{"total":9,"covered":9,"skipped":0,"pct":100},"branches":{"total":0,"covered":0,"skipped":0,"pct":100}}
,"/Users/termontwouter/Workspace/dgt-id-broker/packages/dgt-id-proxy/lib/util/error-response-factory.ts": {"lines":{"total":2,"covered":2,"skipped":0,"pct":100},"functions":{"total":1,"covered":1,"skipped":0,"pct":100},"statements":{"total":3,"covered":3,"skipped":0,"pct":100},"branches":{"total":0,"covered":0,"skipped":0,"pct":100}}
,"/Users/termontwouter/Workspace/dgt-id-broker/packages/dgt-id-proxy/lib/util/generate-keys.ts": {"lines":{"total":22,"covered":0,"skipped":0,"pct":0},"functions":{"total":1,"covered":0,"skipped":0,"pct":0},"statements":{"total":22,"covered":0,"skipped":0,"pct":0},"branches":{"total":2,"covered":0,"skipped":0,"pct":0}}
,"/Users/termontwouter/Workspace/dgt-id-broker/packages/dgt-id-proxy/lib/util/generate-openid-configuration.ts": {"lines":{"total":19,"covered":0,"skipped":0,"pct":0},"functions":{"total":2,"covered":0,"skipped":0,"pct":0},"statements":{"total":19,"covered":0,"skipped":0,"pct":0},"branches":{"total":6,"covered":0,"skipped":0,"pct":0}}
,"/Users/termontwouter/Workspace/dgt-id-broker/packages/dgt-id-proxy/lib/util/verify-upstream-jwk.ts": {"lines":{"total":30,"covered":30,"skipped":0,"pct":100},"functions":{"total":8,"covered":8,"skipped":0,"pct":100},"statements":{"total":32,"covered":32,"skipped":0,"pct":100},"branches":{"total":18,"covered":18,"skipped":0,"pct":100}}
}
